Using pre-set license
Built from '2020.2/release' branch; Version is '2020.2.0f1 (3721df5a8b28) revision 3613151'; Using compiler version '192528614'; Build Type 'Release'
OS: 'Windows 10  (10.0.0) 64bit' Language: 'en' Physical Memory: 8100 MB
BatchMode: 1, IsHumanControllingUs: 0, StartBugReporterOnCrash: 0, Is64bit: 1, IsPro: 0

 COMMAND LINE ARGUMENTS:
C:\Program Files\2020.2.0f1\Editor\Unity.exe
-adb2
-batchMode
-noUpm
-name
AssetImportWorker0
-projectPath
D:/GameDev/MEIN/RogueLike/RogueLike
-logFile
Logs/AssetImportWorker0.log
-srvPort
63473
Successfully changed project path to: D:/GameDev/MEIN/RogueLike/RogueLike
D:/GameDev/MEIN/RogueLike/RogueLike
Using Asset Import Pipeline V2.
Refreshing native plugins compatible for Editor in 43.58 ms, found 0 plugins.
Preloading 0 native plugins for Editor in 0.00 ms.
Initialize engine version: 2020.2.0f1 (3721df5a8b28)
[Subsystems] Discovering subsystems at path C:/Program Files/2020.2.0f1/Editor/Data/Resources/UnitySubsystems
[Subsystems] Discovering subsystems at path D:/GameDev/MEIN/RogueLike/RogueLike/Assets
GfxDevice: creating device client; threaded=0
Direct3D:
    Version:  Direct3D 11.0 [level 11.0]
    Renderer: NVIDIA GeForce GT 630 (ID=0xf00)
    Vendor:   
    VRAM:     1989 MB
    Driver:   23.21.13.9135
Initialize mono
Mono path[0] = 'C:/Program Files/2020.2.0f1/Editor/Data/Managed'
Mono path[1] = 'C:/Program Files/2020.2.0f1/Editor/Data/MonoBleedingEdge/lib/mono/unityjit'
Mono config path = 'C:/Program Files/2020.2.0f1/Editor/Data/MonoBleedingEdge/etc'
Using monoOptions --debugger-agent=transport=dt_socket,embedding=1,server=y,suspend=n,address=127.0.0.1:56212
Begin MonoManager ReloadAssembly
Registering precompiled unity dll's ...
Register platform support module: C:/Program Files/2020.2.0f1/Editor/Data/PlaybackEngines/WindowsStandaloneSupport/UnityEditor.WindowsStandalone.Extensions.dll
Registered in 0.002427 seconds.
Native extension for WindowsStandalone target not found
Refreshing native plugins compatible for Editor in 44.42 ms, found 0 plugins.
Preloading 0 native plugins for Editor in 0.00 ms.
Invoked RoslynAnalysisRunner static constructor.
RoslynAnalysisRunner will not be running.
RoslynAnalysisRunner has terminated.
Mono: successfully reloaded assembly
- Completed reload, in  3.039 seconds
Platform modules already initialized, skipping
Registering precompiled user dll's ...
Registered in 0.000733 seconds.
Begin MonoManager ReloadAssembly
Native extension for WindowsStandalone target not found
Refreshing native plugins compatible for Editor in 0.26 ms, found 0 plugins.
Preloading 0 native plugins for Editor in 0.00 ms.
Invoked RoslynAnalysisRunner static constructor.
RoslynAnalysisRunner will not be running.
RoslynAnalysisRunner has terminated.
Mono: successfully reloaded assembly
- Completed reload, in  1.577 seconds
Platform modules already initialized, skipping
========================================================================
Worker process is ready to serve import requests
Launched and connected shader compiler UnityShaderCompiler.exe after 0.09 seconds
Refreshing native plugins compatible for Editor in 0.43 ms, found 0 plugins.
Preloading 0 native plugins for Editor in 0.00 ms.
Unloading 1116 Unused Serialized files (Serialized files now loaded: 0)
System memory in use before: 58.7 MB.
System memory in use after: 58.7 MB.

Unloading 10 unused Assets to reduce memory usage. Loaded Objects now: 1558.
Total: 2.916100 ms (FindLiveObjects: 0.263100 ms CreateObjectMapping: 0.252100 ms MarkObjects: 2.308900 ms  DeleteObjects: 0.090200 ms)

========================================================================
Received Import Request.
  path: Assets/Prefabs/Enemy 3.prefab
  artifactKey: Guid(99e695a8a729ffd48b81cb2a15ddebdc) Importer(815301076,1909f56bfc062723c751e8b465ee728b)
Start importing Assets/Prefabs/Enemy 3.prefab using Guid(99e695a8a729ffd48b81cb2a15ddebdc) Importer(815301076,1909f56bfc062723c751e8b465ee728b)  -> (artifact id: '3494533d8164fde4d06c8ab69ce24b0e') in 0.209238 seconds
  Import took 0.224963 seconds .

========================================================================
Received Import Request.
  Time since last request: 9.607363 seconds.
  path: Assets/Prefabs/Deer Enemy.prefab
  artifactKey: Guid(99e695a8a729ffd48b81cb2a15ddebdc) Importer(815301076,1909f56bfc062723c751e8b465ee728b)
Start importing Assets/Prefabs/Deer Enemy.prefab using Guid(99e695a8a729ffd48b81cb2a15ddebdc) Importer(815301076,1909f56bfc062723c751e8b465ee728b)  -> (artifact id: '54c02a617e5b1c455e3c1de654a039ce') in 0.068083 seconds
  Import took 0.116159 seconds .

========================================================================
Received Import Request.
  Time since last request: 14.036587 seconds.
  path: Assets/Images/Deer/Deer Photo 3.jpg
  artifactKey: Guid(2adae028c6e84cc4e93d5672dd8170f2) Importer(815301076,1909f56bfc062723c751e8b465ee728b)
Start importing Assets/Images/Deer/Deer Photo 3.jpg using Guid(2adae028c6e84cc4e93d5672dd8170f2) Importer(815301076,1909f56bfc062723c751e8b465ee728b)  -> (artifact id: '17a887439f7d12500b6a6e86f645c34e') in 0.136359 seconds
  Import took 0.163919 seconds .

========================================================================
Received Import Request.
  Time since last request: 2.366871 seconds.
  path: Assets/Images/Deer/Sprites/Deer Dead.png
  artifactKey: Guid(7a795e72306efd546ac9089eb56b2a1f) Importer(815301076,1909f56bfc062723c751e8b465ee728b)
Start importing Assets/Images/Deer/Sprites/Deer Dead.png using Guid(7a795e72306efd546ac9089eb56b2a1f) Importer(815301076,1909f56bfc062723c751e8b465ee728b)  -> (artifact id: 'b3d21a46af6c642c49f7bc5f5d8616d1') in 0.051477 seconds
  Import took 0.079094 seconds .

========================================================================
Received Import Request.
  Time since last request: 11.157640 seconds.
  path: Assets/Images/Deer/Sprites/Deer Dead.png
  artifactKey: Guid(7a795e72306efd546ac9089eb56b2a1f) Importer(815301076,1909f56bfc062723c751e8b465ee728b)
Start importing Assets/Images/Deer/Sprites/Deer Dead.png using Guid(7a795e72306efd546ac9089eb56b2a1f) Importer(815301076,1909f56bfc062723c751e8b465ee728b)  -> (artifact id: '2c063c3cc97bba421e272a3b184c6d26') in 0.071778 seconds
  Import took 0.076477 seconds .

========================================================================
Received Import Request.
  Time since last request: 88.150509 seconds.
  path: Assets/Images/Deer/Sprites/Deer Dead.png
  artifactKey: Guid(7a795e72306efd546ac9089eb56b2a1f) Importer(815301076,1909f56bfc062723c751e8b465ee728b)
Start importing Assets/Images/Deer/Sprites/Deer Dead.png using Guid(7a795e72306efd546ac9089eb56b2a1f) Importer(815301076,1909f56bfc062723c751e8b465ee728b)  -> (artifact id: 'bbdabde3cd0065a642b198bcc7749ebe') in 0.027738 seconds
  Import took 0.040145 seconds .

========================================================================
Received Import Request.
  Time since last request: 81.774128 seconds.
  path: Assets/Images/Deer/Sprites/Deer Attack 1.png
  artifactKey: Guid(be9f48928f2e87940a91de7019b34f96) Importer(815301076,1909f56bfc062723c751e8b465ee728b)
Start importing Assets/Images/Deer/Sprites/Deer Attack 1.png using Guid(be9f48928f2e87940a91de7019b34f96) Importer(815301076,1909f56bfc062723c751e8b465ee728b)  -> (artifact id: '054406d2ed36558c854314ad92329566') in 0.030198 seconds
  Import took 0.054910 seconds .

========================================================================
Received Import Request.
  Time since last request: 0.000247 seconds.
  path: Assets/Images/Deer/Sprites/Deer Attack 2.png
  artifactKey: Guid(ec10b5d3093e25548bc0d925384ffea8) Importer(815301076,1909f56bfc062723c751e8b465ee728b)
Start importing Assets/Images/Deer/Sprites/Deer Attack 2.png using Guid(ec10b5d3093e25548bc0d925384ffea8) Importer(815301076,1909f56bfc062723c751e8b465ee728b)  -> (artifact id: '23089640d52859eb1f716f47ffe6ff0f') in 0.068581 seconds
  Import took 0.072805 seconds .

========================================================================
Received Import Request.
  Time since last request: 0.000465 seconds.
  path: Assets/Images/Deer/Sprites/Deer Idle.png
  artifactKey: Guid(608f6b5b0e417b644b3e9987ddc5c06b) Importer(815301076,1909f56bfc062723c751e8b465ee728b)
Start importing Assets/Images/Deer/Sprites/Deer Idle.png using Guid(608f6b5b0e417b644b3e9987ddc5c06b) Importer(815301076,1909f56bfc062723c751e8b465ee728b)  -> (artifact id: '25008acb16fd4c50e1cdb5668720583d') in 0.074527 seconds
  Import took 0.078459 seconds .

========================================================================
Received Import Request.
  Time since last request: 0.000254 seconds.
  path: Assets/Images/Deer/Sprites/Deer Attack 3.png
  artifactKey: Guid(dc2972b98c631464fba555137cd10404) Importer(815301076,1909f56bfc062723c751e8b465ee728b)
Start importing Assets/Images/Deer/Sprites/Deer Attack 3.png using Guid(dc2972b98c631464fba555137cd10404) Importer(815301076,1909f56bfc062723c751e8b465ee728b)  -> (artifact id: 'c58c1c8ef492303b6a9c38890b266489') in 0.054050 seconds
  Import took 0.066906 seconds .

========================================================================
Received Import Request.
  Time since last request: 23.138250 seconds.
  path: Assets/Images/Deer/Sprites/Deer Attack 1.png
  artifactKey: Guid(be9f48928f2e87940a91de7019b34f96) Importer(815301076,1909f56bfc062723c751e8b465ee728b)
Start importing Assets/Images/Deer/Sprites/Deer Attack 1.png using Guid(be9f48928f2e87940a91de7019b34f96) Importer(815301076,1909f56bfc062723c751e8b465ee728b)  -> (artifact id: '9955fcb0728a37255dfb053df9997dd8') in 0.029423 seconds
  Import took 0.070229 seconds .

========================================================================
Received Import Request.
  Time since last request: 3.159772 seconds.
  path: Assets/Images/Deer/Sprites/Deer Attack 2.png
  artifactKey: Guid(ec10b5d3093e25548bc0d925384ffea8) Importer(815301076,1909f56bfc062723c751e8b465ee728b)
Start importing Assets/Images/Deer/Sprites/Deer Attack 2.png using Guid(ec10b5d3093e25548bc0d925384ffea8) Importer(815301076,1909f56bfc062723c751e8b465ee728b)  -> (artifact id: 'b8eec1ba1786bc3c961d74c732054ac7') in 0.045083 seconds
  Import took 0.048849 seconds .

========================================================================
Received Import Request.
  Time since last request: 2.982111 seconds.
  path: Assets/Images/Deer/Sprites/Deer Attack 3.png
  artifactKey: Guid(dc2972b98c631464fba555137cd10404) Importer(815301076,1909f56bfc062723c751e8b465ee728b)
Start importing Assets/Images/Deer/Sprites/Deer Attack 3.png using Guid(dc2972b98c631464fba555137cd10404) Importer(815301076,1909f56bfc062723c751e8b465ee728b)  -> (artifact id: '2b77485873aa8a55fb547eb7fced86a3') in 0.046831 seconds
  Import took 0.051278 seconds .

========================================================================
Received Import Request.
  Time since last request: 2.649849 seconds.
  path: Assets/Images/Deer/Sprites/Deer Idle.png
  artifactKey: Guid(608f6b5b0e417b644b3e9987ddc5c06b) Importer(815301076,1909f56bfc062723c751e8b465ee728b)
Start importing Assets/Images/Deer/Sprites/Deer Idle.png using Guid(608f6b5b0e417b644b3e9987ddc5c06b) Importer(815301076,1909f56bfc062723c751e8b465ee728b)  -> (artifact id: '06307ee582e20e6a799b4dac6c34b7fb') in 0.045292 seconds
  Import took 0.072315 seconds .

========================================================================
Received Import Request.
  Time since last request: 54.346455 seconds.
  path: Assets/Prefabs/Enemy 3.prefab
  artifactKey: Guid(99e695a8a729ffd48b81cb2a15ddebdc) Importer(815301076,1909f56bfc062723c751e8b465ee728b)
Start importing Assets/Prefabs/Enemy 3.prefab using Guid(99e695a8a729ffd48b81cb2a15ddebdc) Importer(815301076,1909f56bfc062723c751e8b465ee728b)  -> (artifact id: 'ec96da57a6f6cc5d8bbe1c657188b2c9') in 0.321076 seconds
  Import took 0.448954 seconds .

========================================================================
Received Import Request.
  Time since last request: 0.014281 seconds.
  path: Assets/Prefabs/Enemy 3.prefab
  artifactKey: Guid(99e695a8a729ffd48b81cb2a15ddebdc) Importer(815301076,1909f56bfc062723c751e8b465ee728b)
Start importing Assets/Prefabs/Enemy 3.prefab using Guid(99e695a8a729ffd48b81cb2a15ddebdc) Importer(815301076,1909f56bfc062723c751e8b465ee728b)  -> (artifact id: 'ec96da57a6f6cc5d8bbe1c657188b2c9') in 0.117151 seconds
  Import took 0.129457 seconds .

========================================================================
Received Import Request.
  Time since last request: 10.756877 seconds.
  path: Assets/Prefabs/Deer Enemy.prefab
  artifactKey: Guid(99e695a8a729ffd48b81cb2a15ddebdc) Importer(815301076,1909f56bfc062723c751e8b465ee728b)
Start importing Assets/Prefabs/Deer Enemy.prefab using Guid(99e695a8a729ffd48b81cb2a15ddebdc) Importer(815301076,1909f56bfc062723c751e8b465ee728b)  -> (artifact id: '795b9884338d6cd50b7d28d2a292bff7') in 0.023977 seconds
  Import took 0.043902 seconds .

========================================================================
Received Import Request.
  Time since last request: 64.352954 seconds.
  path: Assets/Prefabs/Deer Enemy.prefab
  artifactKey: Guid(99e695a8a729ffd48b81cb2a15ddebdc) Importer(815301076,1909f56bfc062723c751e8b465ee728b)
Start importing Assets/Prefabs/Deer Enemy.prefab using Guid(99e695a8a729ffd48b81cb2a15ddebdc) Importer(815301076,1909f56bfc062723c751e8b465ee728b)  -> (artifact id: '5755adc26d405a9285938fbd91810cfb') in 0.042836 seconds
  Import took 0.046047 seconds .

========================================================================
Received Prepare
Registering precompiled user dll's ...
Registered in 0.000813 seconds.
Begin MonoManager ReloadAssembly
Native extension for WindowsStandalone target not found
Refreshing native plugins compatible for Editor in 0.28 ms, found 0 plugins.
Preloading 0 native plugins for Editor in 0.00 ms.
Invoked RoslynAnalysisRunner static constructor.
RoslynAnalysisRunner will not be running.
RoslynAnalysisRunner has terminated.
Mono: successfully reloaded assembly
- Completed reload, in  1.781 seconds
Platform modules already initialized, skipping
Refreshing native plugins compatible for Editor in 0.36 ms, found 0 plugins.
Preloading 0 native plugins for Editor in 0.00 ms.
Unloading 1098 Unused Serialized files (Serialized files now loaded: 0)
System memory in use before: 61.0 MB.
System memory in use after: 61.1 MB.

Unloading 5 unused Assets to reduce memory usage. Loaded Objects now: 1571.
Total: 3.389600 ms (FindLiveObjects: 0.183200 ms CreateObjectMapping: 0.048300 ms MarkObjects: 3.092300 ms  DeleteObjects: 0.063900 ms)

========================================================================
Received Import Request.
  Time since last request: 45.740640 seconds.
  path: Assets/Images/Deer/Sprites
  artifactKey: Guid(29aad53f5eca5c8488eae413799962ad) Importer(815301076,1909f56bfc062723c751e8b465ee728b)
Start importing Assets/Images/Deer/Sprites using Guid(29aad53f5eca5c8488eae413799962ad) Importer(815301076,1909f56bfc062723c751e8b465ee728b)  -> (artifact id: 'a22d079fec2623aa29ed526abe9b5415') in 0.028039 seconds
  Import took 0.042423 seconds .

========================================================================
Received Prepare
Registering precompiled user dll's ...
Registered in 0.000711 seconds.
Begin MonoManager ReloadAssembly
Native extension for WindowsStandalone target not found
Refreshing native plugins compatible for Editor in 0.26 ms, found 0 plugins.
Preloading 0 native plugins for Editor in 0.00 ms.
Invoked RoslynAnalysisRunner static constructor.
RoslynAnalysisRunner will not be running.
RoslynAnalysisRunner has terminated.
Mono: successfully reloaded assembly
- Completed reload, in  2.342 seconds
Platform modules already initialized, skipping
Refreshing native plugins compatible for Editor in 0.26 ms, found 0 plugins.
Preloading 0 native plugins for Editor in 0.00 ms.
Unloading 1098 Unused Serialized files (Serialized files now loaded: 0)
System memory in use before: 61.2 MB.
System memory in use after: 61.3 MB.

Unloading 5 unused Assets to reduce memory usage. Loaded Objects now: 1573.
Total: 2.092900 ms (FindLiveObjects: 0.147800 ms CreateObjectMapping: 0.049600 ms MarkObjects: 1.835100 ms  DeleteObjects: 0.058400 ms)

========================================================================
Received Prepare
Registering precompiled user dll's ...
Registered in 0.000710 seconds.
Begin MonoManager ReloadAssembly
Native extension for WindowsStandalone target not found
Refreshing native plugins compatible for Editor in 0.27 ms, found 0 plugins.
Preloading 0 native plugins for Editor in 0.00 ms.
Invoked RoslynAnalysisRunner static constructor.
RoslynAnalysisRunner will not be running.
RoslynAnalysisRunner has terminated.
Mono: successfully reloaded assembly
- Completed reload, in  1.598 seconds
Platform modules already initialized, skipping
Refreshing native plugins compatible for Editor in 0.28 ms, found 0 plugins.
Preloading 0 native plugins for Editor in 0.00 ms.
Unloading 1098 Unused Serialized files (Serialized files now loaded: 0)
System memory in use before: 61.5 MB.
System memory in use after: 61.6 MB.

Unloading 5 unused Assets to reduce memory usage. Loaded Objects now: 1575.
Total: 2.381000 ms (FindLiveObjects: 0.290900 ms CreateObjectMapping: 0.116800 ms MarkObjects: 1.909200 ms  DeleteObjects: 0.062400 ms)

========================================================================
Received Prepare
Registering precompiled user dll's ...
Registered in 0.000901 seconds.
Begin MonoManager ReloadAssembly
Native extension for WindowsStandalone target not found
Refreshing native plugins compatible for Editor in 0.27 ms, found 0 plugins.
Preloading 0 native plugins for Editor in 0.00 ms.
Invoked RoslynAnalysisRunner static constructor.
RoslynAnalysisRunner will not be running.
RoslynAnalysisRunner has terminated.
Mono: successfully reloaded assembly
- Completed reload, in  1.663 seconds
Platform modules already initialized, skipping
Refreshing native plugins compatible for Editor in 0.45 ms, found 0 plugins.
Preloading 0 native plugins for Editor in 0.00 ms.
Unloading 1098 Unused Serialized files (Serialized files now loaded: 0)
System memory in use before: 61.6 MB.
System memory in use after: 61.7 MB.

Unloading 5 unused Assets to reduce memory usage. Loaded Objects now: 1577.
Total: 13.674000 ms (FindLiveObjects: 0.755700 ms CreateObjectMapping: 0.065500 ms MarkObjects: 12.784300 ms  DeleteObjects: 0.066600 ms)

========================================================================
Received Prepare
Registering precompiled user dll's ...
Registered in 0.000704 seconds.
Begin MonoManager ReloadAssembly
Native extension for WindowsStandalone target not found
Refreshing native plugins compatible for Editor in 0.29 ms, found 0 plugins.
Preloading 0 native plugins for Editor in 0.00 ms.
Invoked RoslynAnalysisRunner static constructor.
RoslynAnalysisRunner will not be running.
RoslynAnalysisRunner has terminated.
Mono: successfully reloaded assembly
- Completed reload, in  1.470 seconds
Platform modules already initialized, skipping
Refreshing native plugins compatible for Editor in 0.67 ms, found 0 plugins.
Preloading 0 native plugins for Editor in 0.00 ms.
Unloading 1098 Unused Serialized files (Serialized files now loaded: 0)
System memory in use before: 62.0 MB.
System memory in use after: 62.0 MB.

Unloading 5 unused Assets to reduce memory usage. Loaded Objects now: 1579.
Total: 1.950000 ms (FindLiveObjects: 0.148900 ms CreateObjectMapping: 0.048200 ms MarkObjects: 1.687700 ms  DeleteObjects: 0.063500 ms)

AssetImportWorkerClient::OnTransportError - code=2 error=End of file
