Using pre-set license
Built from '2020.2/release' branch; Version is '2020.2.0f1 (3721df5a8b28) revision 3613151'; Using compiler version '192528614'; Build Type 'Release'
OS: 'Windows 10  (10.0.0) 64bit' Language: 'en' Physical Memory: 8100 MB
BatchMode: 1, IsHumanControllingUs: 0, StartBugReporterOnCrash: 0, Is64bit: 1, IsPro: 0

 COMMAND LINE ARGUMENTS:
C:\Program Files\2020.2.0f1\Editor\Unity.exe
-adb2
-batchMode
-noUpm
-name
AssetImportWorker0
-projectPath
D:/GameDev/MEIN/RogueLike/RogueLike
-logFile
Logs/AssetImportWorker0.log
-srvPort
61236
Successfully changed project path to: D:/GameDev/MEIN/RogueLike/RogueLike
D:/GameDev/MEIN/RogueLike/RogueLike
Using Asset Import Pipeline V2.
Refreshing native plugins compatible for Editor in 39.79 ms, found 0 plugins.
Preloading 0 native plugins for Editor in 0.00 ms.
Initialize engine version: 2020.2.0f1 (3721df5a8b28)
[Subsystems] Discovering subsystems at path C:/Program Files/2020.2.0f1/Editor/Data/Resources/UnitySubsystems
[Subsystems] Discovering subsystems at path D:/GameDev/MEIN/RogueLike/RogueLike/Assets
GfxDevice: creating device client; threaded=0
Direct3D:
    Version:  Direct3D 11.0 [level 11.0]
    Renderer: NVIDIA GeForce GT 630 (ID=0xf00)
    Vendor:   
    VRAM:     1989 MB
    Driver:   23.21.13.9135
Initialize mono
Mono path[0] = 'C:/Program Files/2020.2.0f1/Editor/Data/Managed'
Mono path[1] = 'C:/Program Files/2020.2.0f1/Editor/Data/MonoBleedingEdge/lib/mono/unityjit'
Mono config path = 'C:/Program Files/2020.2.0f1/Editor/Data/MonoBleedingEdge/etc'
Using monoOptions --debugger-agent=transport=dt_socket,embedding=1,server=y,suspend=n,address=127.0.0.1:56852
Begin MonoManager ReloadAssembly
Registering precompiled unity dll's ...
Register platform support module: C:/Program Files/2020.2.0f1/Editor/Data/PlaybackEngines/WindowsStandaloneSupport/UnityEditor.WindowsStandalone.Extensions.dll
Registered in 0.003461 seconds.
Native extension for WindowsStandalone target not found
Refreshing native plugins compatible for Editor in 46.56 ms, found 0 plugins.
Preloading 0 native plugins for Editor in 0.00 ms.
Invoked RoslynAnalysisRunner static constructor.
RoslynAnalysisRunner will not be running.
RoslynAnalysisRunner has terminated.
Mono: successfully reloaded assembly
- Completed reload, in  2.721 seconds
Platform modules already initialized, skipping
Registering precompiled user dll's ...
Registered in 0.000749 seconds.
Begin MonoManager ReloadAssembly
Native extension for WindowsStandalone target not found
Refreshing native plugins compatible for Editor in 0.27 ms, found 0 plugins.
Preloading 0 native plugins for Editor in 0.00 ms.
Invoked RoslynAnalysisRunner static constructor.
RoslynAnalysisRunner will not be running.
RoslynAnalysisRunner has terminated.
Mono: successfully reloaded assembly
- Completed reload, in  1.421 seconds
Platform modules already initialized, skipping
========================================================================
Worker process is ready to serve import requests
Launched and connected shader compiler UnityShaderCompiler.exe after 0.07 seconds
Refreshing native plugins compatible for Editor in 0.26 ms, found 0 plugins.
Preloading 0 native plugins for Editor in 0.00 ms.
Unloading 1115 Unused Serialized files (Serialized files now loaded: 0)
System memory in use before: 58.7 MB.
System memory in use after: 58.7 MB.

Unloading 10 unused Assets to reduce memory usage. Loaded Objects now: 1557.
Total: 2.720600 ms (FindLiveObjects: 0.522700 ms CreateObjectMapping: 0.131400 ms MarkObjects: 1.971700 ms  DeleteObjects: 0.093000 ms)

========================================================================
Received Import Request.
  path: Assets/Images/Deer/Deer 3.png
  artifactKey: Guid(78e188ee60d1acb4c91567ab7395e915) Importer(815301076,1909f56bfc062723c751e8b465ee728b)
Start importing Assets/Images/Deer/Deer 3.png using Guid(78e188ee60d1acb4c91567ab7395e915) Importer(815301076,1909f56bfc062723c751e8b465ee728b)  -> (artifact id: '810c2b3da49e9707fe33adc812eda7fe') in 0.144333 seconds
  Import took 0.147085 seconds .

========================================================================
Received Import Request.
  Time since last request: 208.566143 seconds.
  path: Assets/Prefabs/Enemy 3.prefab
  artifactKey: Guid(99e695a8a729ffd48b81cb2a15ddebdc) Importer(815301076,1909f56bfc062723c751e8b465ee728b)
Start importing Assets/Prefabs/Enemy 3.prefab using Guid(99e695a8a729ffd48b81cb2a15ddebdc) Importer(815301076,1909f56bfc062723c751e8b465ee728b)  -> (artifact id: 'ff8ab05c23477bf21851633ef5a89085') in 0.120197 seconds
  Import took 0.141645 seconds .

========================================================================
Received Import Request.
  Time since last request: 7.675319 seconds.
  path: Assets/Images/Deer/Sprites/Deer 1.png
  artifactKey: Guid(d3b9d37d025c9f94dbd107c8e0622629) Importer(815301076,1909f56bfc062723c751e8b465ee728b)
Start importing Assets/Images/Deer/Sprites/Deer 1.png using Guid(d3b9d37d025c9f94dbd107c8e0622629) Importer(815301076,1909f56bfc062723c751e8b465ee728b)  -> (artifact id: '061105cf2e34510242b9a038d172a26b') in 0.020432 seconds
  Import took 0.024698 seconds .

========================================================================
Received Import Request.
  Time since last request: 0.000268 seconds.
  path: Assets/Images/Deer/Sprites/Deer 3.png
  artifactKey: Guid(bf2590b571cbed54594f9350c027f30c) Importer(815301076,1909f56bfc062723c751e8b465ee728b)
Start importing Assets/Images/Deer/Sprites/Deer 3.png using Guid(bf2590b571cbed54594f9350c027f30c) Importer(815301076,1909f56bfc062723c751e8b465ee728b)  -> (artifact id: '11fbf431bed54dabb4f5b85b7f1a9a03') in 0.048604 seconds
  Import took 0.051692 seconds .

========================================================================
Received Import Request.
  Time since last request: 0.000266 seconds.
  path: Assets/Images/Deer/Sprites/Deer 4.png
  artifactKey: Guid(4f8432ea0fcef9b4d988f105798ad45b) Importer(815301076,1909f56bfc062723c751e8b465ee728b)
Start importing Assets/Images/Deer/Sprites/Deer 4.png using Guid(4f8432ea0fcef9b4d988f105798ad45b) Importer(815301076,1909f56bfc062723c751e8b465ee728b)  -> (artifact id: '6ed32601a0652d9f5c2206f5f3d96d34') in 0.053821 seconds
  Import took 0.056915 seconds .

========================================================================
Received Import Request.
  Time since last request: 0.000296 seconds.
  path: Assets/Images/Deer/Sprites/Deer 2.png
  artifactKey: Guid(da2d21ec311694a418c6dba20a67ead1) Importer(815301076,1909f56bfc062723c751e8b465ee728b)
Start importing Assets/Images/Deer/Sprites/Deer 2.png using Guid(da2d21ec311694a418c6dba20a67ead1) Importer(815301076,1909f56bfc062723c751e8b465ee728b)  -> (artifact id: 'c58ce8aef536b499e1fcd626e78c37d5') in 0.069414 seconds
  Import took 0.082352 seconds .

========================================================================
Received Import Request.
  Time since last request: 14.156446 seconds.
  path: Assets/Images/Deer/Sprites/Deer 1.png
  artifactKey: Guid(d3b9d37d025c9f94dbd107c8e0622629) Importer(815301076,1909f56bfc062723c751e8b465ee728b)
Start importing Assets/Images/Deer/Sprites/Deer 1.png using Guid(d3b9d37d025c9f94dbd107c8e0622629) Importer(815301076,1909f56bfc062723c751e8b465ee728b)  -> (artifact id: '0f13fef1e0d7bc1790d951046805107d') in 0.085843 seconds
  Import took 0.092042 seconds .

========================================================================
Received Import Request.
  Time since last request: 0.000240 seconds.
  path: Assets/Images/Deer/Sprites/Deer 3.png
  artifactKey: Guid(bf2590b571cbed54594f9350c027f30c) Importer(815301076,1909f56bfc062723c751e8b465ee728b)
Start importing Assets/Images/Deer/Sprites/Deer 3.png using Guid(bf2590b571cbed54594f9350c027f30c) Importer(815301076,1909f56bfc062723c751e8b465ee728b)  -> (artifact id: 'f231df793890d86dd6c6a0f54814f249') in 0.051700 seconds
  Import took 0.065938 seconds .

========================================================================
Received Import Request.
  Time since last request: 0.000376 seconds.
  path: Assets/Images/Deer/Sprites/Deer 4.png
  artifactKey: Guid(4f8432ea0fcef9b4d988f105798ad45b) Importer(815301076,1909f56bfc062723c751e8b465ee728b)
Start importing Assets/Images/Deer/Sprites/Deer 4.png using Guid(4f8432ea0fcef9b4d988f105798ad45b) Importer(815301076,1909f56bfc062723c751e8b465ee728b)  -> (artifact id: '188590448356de11b86f47215ae74628') in 0.065510 seconds
  Import took 0.071016 seconds .

========================================================================
Received Import Request.
  Time since last request: 0.000350 seconds.
  path: Assets/Images/Deer/Sprites/Deer 2.png
  artifactKey: Guid(da2d21ec311694a418c6dba20a67ead1) Importer(815301076,1909f56bfc062723c751e8b465ee728b)
Start importing Assets/Images/Deer/Sprites/Deer 2.png using Guid(da2d21ec311694a418c6dba20a67ead1) Importer(815301076,1909f56bfc062723c751e8b465ee728b)  -> (artifact id: 'd3ed2308b624eb4a82295e32a2e2941a') in 0.041218 seconds
  Import took 0.044543 seconds .

========================================================================
Received Import Request.
  Time since last request: 10.565718 seconds.
  path: Assets/Prefabs/Enemy 3.prefab
  artifactKey: Guid(99e695a8a729ffd48b81cb2a15ddebdc) Importer(815301076,1909f56bfc062723c751e8b465ee728b)
Start importing Assets/Prefabs/Enemy 3.prefab using Guid(99e695a8a729ffd48b81cb2a15ddebdc) Importer(815301076,1909f56bfc062723c751e8b465ee728b)  -> (artifact id: 'c97ce8e7aba065e3ce3cfc5d8be38175') in 0.090689 seconds
  Import took 0.094742 seconds .

========================================================================
Received Import Request.
  Time since last request: 3677.752729 seconds.
  path: Assets/Scripts/SpriteAnimator.cs
  artifactKey: Guid(1532e24b20b43694295092affb28c28d) Importer(815301076,1909f56bfc062723c751e8b465ee728b)
Start importing Assets/Scripts/SpriteAnimator.cs using Guid(1532e24b20b43694295092affb28c28d) Importer(815301076,1909f56bfc062723c751e8b465ee728b)  -> (artifact id: 'ec5b15324b07ff5583b6d499dc5a5cac') in 0.076659 seconds
  Import took 0.107825 seconds .

========================================================================
Received Prepare
Registering precompiled user dll's ...
Registered in 0.000971 seconds.
Begin MonoManager ReloadAssembly
Native extension for WindowsStandalone target not found
Refreshing native plugins compatible for Editor in 0.28 ms, found 0 plugins.
Preloading 0 native plugins for Editor in 0.00 ms.
Invoked RoslynAnalysisRunner static constructor.
RoslynAnalysisRunner will not be running.
RoslynAnalysisRunner has terminated.
Mono: successfully reloaded assembly
- Completed reload, in  1.742 seconds
Platform modules already initialized, skipping
Refreshing native plugins compatible for Editor in 0.38 ms, found 0 plugins.
Preloading 0 native plugins for Editor in 0.00 ms.
Unloading 1098 Unused Serialized files (Serialized files now loaded: 0)
System memory in use before: 61.0 MB.
System memory in use after: 61.1 MB.

Unloading 5 unused Assets to reduce memory usage. Loaded Objects now: 1571.
Total: 3.023500 ms (FindLiveObjects: 0.155200 ms CreateObjectMapping: 0.049900 ms MarkObjects: 2.714800 ms  DeleteObjects: 0.101300 ms)

========================================================================
Received Import Request.
  Time since last request: 383.938169 seconds.
  path: Assets/Scripts/SpriteAnimator.cs
  artifactKey: Guid(1532e24b20b43694295092affb28c28d) Importer(815301076,1909f56bfc062723c751e8b465ee728b)
Start importing Assets/Scripts/SpriteAnimator.cs using Guid(1532e24b20b43694295092affb28c28d) Importer(815301076,1909f56bfc062723c751e8b465ee728b)  -> (artifact id: '22d0fc8c08be0594451861469824d89d') in 0.021687 seconds
  Import took 0.207396 seconds .

========================================================================
Received Prepare
Registering precompiled user dll's ...
Registered in 0.001772 seconds.
Begin MonoManager ReloadAssembly
Native extension for WindowsStandalone target not found
Refreshing native plugins compatible for Editor in 0.82 ms, found 0 plugins.
Preloading 0 native plugins for Editor in 0.00 ms.
Invoked RoslynAnalysisRunner static constructor.
RoslynAnalysisRunner will not be running.
RoslynAnalysisRunner has terminated.
Mono: successfully reloaded assembly
- Completed reload, in  2.026 seconds
Platform modules already initialized, skipping
Refreshing native plugins compatible for Editor in 0.27 ms, found 0 plugins.
Preloading 0 native plugins for Editor in 0.00 ms.
Unloading 1098 Unused Serialized files (Serialized files now loaded: 0)
System memory in use before: 61.3 MB.
System memory in use after: 61.3 MB.

Unloading 5 unused Assets to reduce memory usage. Loaded Objects now: 1573.
Total: 2.548000 ms (FindLiveObjects: 0.151000 ms CreateObjectMapping: 0.052800 ms MarkObjects: 2.278200 ms  DeleteObjects: 0.064400 ms)

========================================================================
Received Prepare
Registering precompiled user dll's ...
Registered in 0.002304 seconds.
Begin MonoManager ReloadAssembly
Native extension for WindowsStandalone target not found
Refreshing native plugins compatible for Editor in 0.31 ms, found 0 plugins.
Preloading 0 native plugins for Editor in 0.00 ms.
Invoked RoslynAnalysisRunner static constructor.
RoslynAnalysisRunner will not be running.
RoslynAnalysisRunner has terminated.
Mono: successfully reloaded assembly
- Completed reload, in  3.660 seconds
Platform modules already initialized, skipping
Refreshing native plugins compatible for Editor in 0.28 ms, found 0 plugins.
Preloading 0 native plugins for Editor in 0.00 ms.
Unloading 1098 Unused Serialized files (Serialized files now loaded: 0)
System memory in use before: 61.5 MB.
System memory in use after: 61.6 MB.

Unloading 5 unused Assets to reduce memory usage. Loaded Objects now: 1575.
Total: 6.581500 ms (FindLiveObjects: 3.967600 ms CreateObjectMapping: 0.134600 ms MarkObjects: 2.347600 ms  DeleteObjects: 0.129300 ms)

========================================================================
Received Prepare
Registering precompiled user dll's ...
Registered in 0.000993 seconds.
Begin MonoManager ReloadAssembly
Native extension for WindowsStandalone target not found
Refreshing native plugins compatible for Editor in 0.27 ms, found 0 plugins.
Preloading 0 native plugins for Editor in 0.00 ms.
Invoked RoslynAnalysisRunner static constructor.
RoslynAnalysisRunner will not be running.
RoslynAnalysisRunner has terminated.
Mono: successfully reloaded assembly
- Completed reload, in  2.505 seconds
Platform modules already initialized, skipping
Refreshing native plugins compatible for Editor in 0.28 ms, found 0 plugins.
Preloading 0 native plugins for Editor in 0.00 ms.
Unloading 1098 Unused Serialized files (Serialized files now loaded: 0)
System memory in use before: 61.6 MB.
System memory in use after: 61.7 MB.

Unloading 5 unused Assets to reduce memory usage. Loaded Objects now: 1577.
Total: 5.037100 ms (FindLiveObjects: 0.196700 ms CreateObjectMapping: 0.114100 ms MarkObjects: 4.651300 ms  DeleteObjects: 0.072900 ms)

========================================================================
Received Prepare
Registering precompiled user dll's ...
Registered in 0.000765 seconds.
Begin MonoManager ReloadAssembly
Native extension for WindowsStandalone target not found
Refreshing native plugins compatible for Editor in 0.27 ms, found 0 plugins.
Preloading 0 native plugins for Editor in 0.00 ms.
Invoked RoslynAnalysisRunner static constructor.
RoslynAnalysisRunner will not be running.
RoslynAnalysisRunner has terminated.
Mono: successfully reloaded assembly
- Completed reload, in  2.816 seconds
Platform modules already initialized, skipping
Refreshing native plugins compatible for Editor in 0.28 ms, found 0 plugins.
Preloading 0 native plugins for Editor in 0.00 ms.
Unloading 1098 Unused Serialized files (Serialized files now loaded: 0)
System memory in use before: 62.0 MB.
System memory in use after: 62.1 MB.

Unloading 5 unused Assets to reduce memory usage. Loaded Objects now: 1579.
Total: 4.532400 ms (FindLiveObjects: 0.151500 ms CreateObjectMapping: 0.328700 ms MarkObjects: 3.951000 ms  DeleteObjects: 0.098900 ms)

========================================================================
Received Prepare
Registering precompiled user dll's ...
Registered in 0.000729 seconds.
Begin MonoManager ReloadAssembly
Native extension for WindowsStandalone target not found
Refreshing native plugins compatible for Editor in 0.29 ms, found 0 plugins.
Preloading 0 native plugins for Editor in 0.00 ms.
Invoked RoslynAnalysisRunner static constructor.
RoslynAnalysisRunner will not be running.
RoslynAnalysisRunner has terminated.
Mono: successfully reloaded assembly
- Completed reload, in  1.971 seconds
Platform modules already initialized, skipping
Refreshing native plugins compatible for Editor in 0.29 ms, found 0 plugins.
Preloading 0 native plugins for Editor in 0.00 ms.
Unloading 1098 Unused Serialized files (Serialized files now loaded: 0)
System memory in use before: 62.2 MB.
System memory in use after: 62.3 MB.

Unloading 5 unused Assets to reduce memory usage. Loaded Objects now: 1581.
Total: 6.480400 ms (FindLiveObjects: 0.205500 ms CreateObjectMapping: 0.193000 ms MarkObjects: 6.003600 ms  DeleteObjects: 0.075400 ms)

========================================================================
Received Prepare
Registering precompiled user dll's ...
Registered in 0.000756 seconds.
Begin MonoManager ReloadAssembly
Native extension for WindowsStandalone target not found
Refreshing native plugins compatible for Editor in 0.61 ms, found 0 plugins.
Preloading 0 native plugins for Editor in 0.00 ms.
Invoked RoslynAnalysisRunner static constructor.
RoslynAnalysisRunner will not be running.
RoslynAnalysisRunner has terminated.
Mono: successfully reloaded assembly
- Completed reload, in  1.520 seconds
Platform modules already initialized, skipping
Refreshing native plugins compatible for Editor in 0.31 ms, found 0 plugins.
Preloading 0 native plugins for Editor in 0.00 ms.
Unloading 1098 Unused Serialized files (Serialized files now loaded: 0)
System memory in use before: 62.5 MB.
System memory in use after: 62.5 MB.

Unloading 5 unused Assets to reduce memory usage. Loaded Objects now: 1583.
Total: 2.281300 ms (FindLiveObjects: 0.225600 ms CreateObjectMapping: 0.104400 ms MarkObjects: 1.884700 ms  DeleteObjects: 0.064700 ms)

========================================================================
Received Prepare
Registering precompiled user dll's ...
Registered in 0.000746 seconds.
Begin MonoManager ReloadAssembly
Native extension for WindowsStandalone target not found
Refreshing native plugins compatible for Editor in 0.28 ms, found 0 plugins.
Preloading 0 native plugins for Editor in 0.00 ms.
Invoked RoslynAnalysisRunner static constructor.
RoslynAnalysisRunner will not be running.
RoslynAnalysisRunner has terminated.
Mono: successfully reloaded assembly
- Completed reload, in  1.472 seconds
Platform modules already initialized, skipping
Refreshing native plugins compatible for Editor in 0.28 ms, found 0 plugins.
Preloading 0 native plugins for Editor in 0.00 ms.
Unloading 1098 Unused Serialized files (Serialized files now loaded: 0)
System memory in use before: 62.6 MB.
System memory in use after: 62.7 MB.

Unloading 5 unused Assets to reduce memory usage. Loaded Objects now: 1585.
Total: 2.675300 ms (FindLiveObjects: 0.265400 ms CreateObjectMapping: 0.188200 ms MarkObjects: 2.150700 ms  DeleteObjects: 0.068400 ms)

========================================================================
Received Prepare
Registering precompiled user dll's ...
Registered in 0.000749 seconds.
Begin MonoManager ReloadAssembly
Native extension for WindowsStandalone target not found
Refreshing native plugins compatible for Editor in 0.33 ms, found 0 plugins.
Preloading 0 native plugins for Editor in 0.00 ms.
Invoked RoslynAnalysisRunner static constructor.
RoslynAnalysisRunner will not be running.
RoslynAnalysisRunner has terminated.
Mono: successfully reloaded assembly
- Completed reload, in  1.957 seconds
Platform modules already initialized, skipping
Refreshing native plugins compatible for Editor in 0.27 ms, found 0 plugins.
Preloading 0 native plugins for Editor in 0.00 ms.
Unloading 1098 Unused Serialized files (Serialized files now loaded: 0)
System memory in use before: 61.9 MB.
System memory in use after: 62.0 MB.

Unloading 5 unused Assets to reduce memory usage. Loaded Objects now: 1587.
Total: 2.512100 ms (FindLiveObjects: 0.319800 ms CreateObjectMapping: 0.157100 ms MarkObjects: 1.962600 ms  DeleteObjects: 0.069900 ms)

========================================================================
Received Prepare
Registering precompiled user dll's ...
Registered in 0.000766 seconds.
Begin MonoManager ReloadAssembly
Native extension for WindowsStandalone target not found
Refreshing native plugins compatible for Editor in 0.30 ms, found 0 plugins.
Preloading 0 native plugins for Editor in 0.00 ms.
Invoked RoslynAnalysisRunner static constructor.
RoslynAnalysisRunner will not be running.
RoslynAnalysisRunner has terminated.
Mono: successfully reloaded assembly
- Completed reload, in  1.789 seconds
Platform modules already initialized, skipping
Refreshing native plugins compatible for Editor in 0.73 ms, found 0 plugins.
Preloading 0 native plugins for Editor in 0.00 ms.
Unloading 1098 Unused Serialized files (Serialized files now loaded: 0)
System memory in use before: 62.2 MB.
System memory in use after: 62.2 MB.

Unloading 5 unused Assets to reduce memory usage. Loaded Objects now: 1589.
Total: 3.225600 ms (FindLiveObjects: 0.534300 ms CreateObjectMapping: 0.134000 ms MarkObjects: 2.472100 ms  DeleteObjects: 0.082900 ms)

========================================================================
Received Prepare
Registering precompiled user dll's ...
Registered in 0.000711 seconds.
Begin MonoManager ReloadAssembly
Native extension for WindowsStandalone target not found
Refreshing native plugins compatible for Editor in 0.28 ms, found 0 plugins.
Preloading 0 native plugins for Editor in 0.00 ms.
Invoked RoslynAnalysisRunner static constructor.
RoslynAnalysisRunner will not be running.
RoslynAnalysisRunner has terminated.
Mono: successfully reloaded assembly
- Completed reload, in  1.969 seconds
Platform modules already initialized, skipping
Refreshing native plugins compatible for Editor in 0.32 ms, found 0 plugins.
Preloading 0 native plugins for Editor in 0.00 ms.
Unloading 1098 Unused Serialized files (Serialized files now loaded: 0)
System memory in use before: 62.4 MB.
System memory in use after: 62.5 MB.

Unloading 5 unused Assets to reduce memory usage. Loaded Objects now: 1591.
Total: 2.363700 ms (FindLiveObjects: 0.277300 ms CreateObjectMapping: 0.105200 ms MarkObjects: 1.912700 ms  DeleteObjects: 0.066100 ms)

========================================================================
Received Prepare
Registering precompiled user dll's ...
Registered in 0.000935 seconds.
Begin MonoManager ReloadAssembly
Native extension for WindowsStandalone target not found
Refreshing native plugins compatible for Editor in 0.28 ms, found 0 plugins.
Preloading 0 native plugins for Editor in 0.00 ms.
Invoked RoslynAnalysisRunner static constructor.
RoslynAnalysisRunner will not be running.
RoslynAnalysisRunner has terminated.
Mono: successfully reloaded assembly
- Completed reload, in  1.955 seconds
Platform modules already initialized, skipping
Refreshing native plugins compatible for Editor in 0.28 ms, found 0 plugins.
Preloading 0 native plugins for Editor in 0.00 ms.
Unloading 1098 Unused Serialized files (Serialized files now loaded: 0)
System memory in use before: 62.6 MB.
System memory in use after: 62.7 MB.

Unloading 5 unused Assets to reduce memory usage. Loaded Objects now: 1593.
Total: 6.979200 ms (FindLiveObjects: 0.251300 ms CreateObjectMapping: 0.106300 ms MarkObjects: 2.680400 ms  DeleteObjects: 3.938800 ms)

========================================================================
Received Prepare
Registering precompiled user dll's ...
Registered in 0.001837 seconds.
Begin MonoManager ReloadAssembly
Native extension for WindowsStandalone target not found
Refreshing native plugins compatible for Editor in 0.28 ms, found 0 plugins.
Preloading 0 native plugins for Editor in 0.00 ms.
Invoked RoslynAnalysisRunner static constructor.
RoslynAnalysisRunner will not be running.
RoslynAnalysisRunner has terminated.
Mono: successfully reloaded assembly
- Completed reload, in  2.254 seconds
Platform modules already initialized, skipping
Refreshing native plugins compatible for Editor in 0.39 ms, found 0 plugins.
Preloading 0 native plugins for Editor in 0.00 ms.
Unloading 1098 Unused Serialized files (Serialized files now loaded: 0)
System memory in use before: 62.7 MB.
System memory in use after: 62.7 MB.

Unloading 5 unused Assets to reduce memory usage. Loaded Objects now: 1595.
Total: 2.838300 ms (FindLiveObjects: 0.200600 ms CreateObjectMapping: 0.103600 ms MarkObjects: 2.463700 ms  DeleteObjects: 0.068000 ms)

========================================================================
Received Prepare
Registering precompiled user dll's ...
Registered in 0.001297 seconds.
Begin MonoManager ReloadAssembly
Native extension for WindowsStandalone target not found
Refreshing native plugins compatible for Editor in 0.27 ms, found 0 plugins.
Preloading 0 native plugins for Editor in 0.00 ms.
Invoked RoslynAnalysisRunner static constructor.
RoslynAnalysisRunner will not be running.
RoslynAnalysisRunner has terminated.
Mono: successfully reloaded assembly
- Completed reload, in  1.823 seconds
Platform modules already initialized, skipping
Refreshing native plugins compatible for Editor in 0.29 ms, found 0 plugins.
Preloading 0 native plugins for Editor in 0.00 ms.
Unloading 1098 Unused Serialized files (Serialized files now loaded: 0)
System memory in use before: 62.1 MB.
System memory in use after: 62.2 MB.

Unloading 5 unused Assets to reduce memory usage. Loaded Objects now: 1597.
Total: 5.711600 ms (FindLiveObjects: 0.459600 ms CreateObjectMapping: 0.118000 ms MarkObjects: 5.061600 ms  DeleteObjects: 0.069500 ms)

========================================================================
Received Import Request.
  Time since last request: 4220.472656 seconds.
  path: Assets/Prefabs/Enemy 1.prefab
  artifactKey: Guid(5f1d752b1d396a541b749d1312b812f4) Importer(815301076,1909f56bfc062723c751e8b465ee728b)
Start importing Assets/Prefabs/Enemy 1.prefab using Guid(5f1d752b1d396a541b749d1312b812f4) Importer(815301076,1909f56bfc062723c751e8b465ee728b)  -> (artifact id: '89389849b01e282f450cf3ff0feb485d') in 0.169507 seconds
  Import took 0.176403 seconds .

========================================================================
Received Import Request.
  Time since last request: 0.000227 seconds.
  path: Assets/Prefabs/Enemy 2.prefab
  artifactKey: Guid(8309308032074684a845b1c64be69c39) Importer(815301076,1909f56bfc062723c751e8b465ee728b)
Start importing Assets/Prefabs/Enemy 2.prefab using Guid(8309308032074684a845b1c64be69c39) Importer(815301076,1909f56bfc062723c751e8b465ee728b)  -> (artifact id: '4d9a2618f5693435c856a185af8aaa4e') in 0.098927 seconds
  Import took 0.102156 seconds .

========================================================================
Received Import Request.
  Time since last request: 0.000049 seconds.
  path: Assets/Prefabs/Enemy 3.prefab
  artifactKey: Guid(99e695a8a729ffd48b81cb2a15ddebdc) Importer(815301076,1909f56bfc062723c751e8b465ee728b)
Start importing Assets/Prefabs/Enemy 3.prefab using Guid(99e695a8a729ffd48b81cb2a15ddebdc) Importer(815301076,1909f56bfc062723c751e8b465ee728b)  -> (artifact id: '8e02120bc5a69a65b66e10bf89feed7a') in 0.081236 seconds
  Import took 0.113503 seconds .

========================================================================
Received Import Request.
  Time since last request: 0.000255 seconds.
  path: Assets/Prefabs/Enemy 2.prefab
  artifactKey: Guid(8309308032074684a845b1c64be69c39) Importer(815301076,1909f56bfc062723c751e8b465ee728b)
Start importing Assets/Prefabs/Enemy 2.prefab using Guid(8309308032074684a845b1c64be69c39) Importer(815301076,1909f56bfc062723c751e8b465ee728b)  -> (artifact id: '4d9a2618f5693435c856a185af8aaa4e') in 0.040545 seconds
  Import took 0.066516 seconds .

========================================================================
Received Import Request.
  Time since last request: 9.520856 seconds.
  path: Assets/Prefabs/Enemy 3.prefab
  artifactKey: Guid(99e695a8a729ffd48b81cb2a15ddebdc) Importer(815301076,1909f56bfc062723c751e8b465ee728b)
Start importing Assets/Prefabs/Enemy 3.prefab using Guid(99e695a8a729ffd48b81cb2a15ddebdc) Importer(815301076,1909f56bfc062723c751e8b465ee728b)  -> (artifact id: 'a0306902cb53532a781011b7d0d1c4ce') in 0.078363 seconds
  Import took 0.084211 seconds .

========================================================================
Received Import Request.
  Time since last request: 0.015779 seconds.
  path: Assets/Prefabs/Enemy 3.prefab
  artifactKey: Guid(99e695a8a729ffd48b81cb2a15ddebdc) Importer(815301076,1909f56bfc062723c751e8b465ee728b)
Start importing Assets/Prefabs/Enemy 3.prefab using Guid(99e695a8a729ffd48b81cb2a15ddebdc) Importer(815301076,1909f56bfc062723c751e8b465ee728b)  -> (artifact id: 'a0306902cb53532a781011b7d0d1c4ce') in 0.118490 seconds
  Import took 0.134609 seconds .

========================================================================
Received Prepare
Registering precompiled user dll's ...
Registered in 0.005637 seconds.
Begin MonoManager ReloadAssembly
Native extension for WindowsStandalone target not found
Refreshing native plugins compatible for Editor in 0.28 ms, found 0 plugins.
Preloading 0 native plugins for Editor in 0.00 ms.
Invoked RoslynAnalysisRunner static constructor.
RoslynAnalysisRunner will not be running.
RoslynAnalysisRunner has terminated.
Mono: successfully reloaded assembly
- Completed reload, in  2.589 seconds
Platform modules already initialized, skipping
Refreshing native plugins compatible for Editor in 0.28 ms, found 0 plugins.
Preloading 0 native plugins for Editor in 0.00 ms.
Unloading 1098 Unused Serialized files (Serialized files now loaded: 0)
System memory in use before: 62.4 MB.
System memory in use after: 62.5 MB.

Unloading 6 unused Assets to reduce memory usage. Loaded Objects now: 1602.
Total: 2.383100 ms (FindLiveObjects: 0.211000 ms CreateObjectMapping: 0.110500 ms MarkObjects: 1.990400 ms  DeleteObjects: 0.068800 ms)

========================================================================
Received Import Request.
  Time since last request: 25.192794 seconds.
  path: Assets/Prefabs/Enemy 3.prefab
  artifactKey: Guid(99e695a8a729ffd48b81cb2a15ddebdc) Importer(815301076,1909f56bfc062723c751e8b465ee728b)
Start importing Assets/Prefabs/Enemy 3.prefab using Guid(99e695a8a729ffd48b81cb2a15ddebdc) Importer(815301076,1909f56bfc062723c751e8b465ee728b)  -> (artifact id: '38f695aec9daa04b5a58b2ebf34a9027') in 0.185662 seconds
  Import took 0.237099 seconds .

========================================================================
Received Import Request.
  Time since last request: 0.845685 seconds.
  path: Assets/Prefabs/Enemy 3.prefab
  artifactKey: Guid(99e695a8a729ffd48b81cb2a15ddebdc) Importer(815301076,1909f56bfc062723c751e8b465ee728b)
Start importing Assets/Prefabs/Enemy 3.prefab using Guid(99e695a8a729ffd48b81cb2a15ddebdc) Importer(815301076,1909f56bfc062723c751e8b465ee728b)  -> (artifact id: '38f695aec9daa04b5a58b2ebf34a9027') in 0.054097 seconds
  Import took 0.057777 seconds .

========================================================================
Received Prepare
Registering precompiled user dll's ...
Registered in 0.000712 seconds.
Begin MonoManager ReloadAssembly
Native extension for WindowsStandalone target not found
Refreshing native plugins compatible for Editor in 4.64 ms, found 0 plugins.
Preloading 0 native plugins for Editor in 0.00 ms.
Invoked RoslynAnalysisRunner static constructor.
RoslynAnalysisRunner will not be running.
RoslynAnalysisRunner has terminated.
Mono: successfully reloaded assembly
- Completed reload, in  2.203 seconds
Platform modules already initialized, skipping
Refreshing native plugins compatible for Editor in 0.27 ms, found 0 plugins.
Preloading 0 native plugins for Editor in 0.00 ms.
Unloading 1098 Unused Serialized files (Serialized files now loaded: 0)
System memory in use before: 62.7 MB.
System memory in use after: 62.8 MB.

Unloading 5 unused Assets to reduce memory usage. Loaded Objects now: 1605.
Total: 2.955000 ms (FindLiveObjects: 0.524400 ms CreateObjectMapping: 0.119400 ms MarkObjects: 2.241000 ms  DeleteObjects: 0.068000 ms)

========================================================================
Received Prepare
Registering precompiled user dll's ...
Registered in 0.001506 seconds.
Begin MonoManager ReloadAssembly
Native extension for WindowsStandalone target not found
Refreshing native plugins compatible for Editor in 0.28 ms, found 0 plugins.
Preloading 0 native plugins for Editor in 0.00 ms.
Invoked RoslynAnalysisRunner static constructor.
RoslynAnalysisRunner will not be running.
RoslynAnalysisRunner has terminated.
Mono: successfully reloaded assembly
- Completed reload, in  5.731 seconds
Platform modules already initialized, skipping
Refreshing native plugins compatible for Editor in 0.29 ms, found 0 plugins.
Preloading 0 native plugins for Editor in 0.00 ms.
Unloading 1098 Unused Serialized files (Serialized files now loaded: 0)
System memory in use before: 62.9 MB.
System memory in use after: 63.0 MB.

Unloading 5 unused Assets to reduce memory usage. Loaded Objects now: 1607.
Total: 7.088900 ms (FindLiveObjects: 0.202600 ms CreateObjectMapping: 0.105200 ms MarkObjects: 6.714000 ms  DeleteObjects: 0.064800 ms)

========================================================================
Received Prepare
Registering precompiled user dll's ...
Registered in 0.000785 seconds.
Begin MonoManager ReloadAssembly
Native extension for WindowsStandalone target not found
Refreshing native plugins compatible for Editor in 0.28 ms, found 0 plugins.
Preloading 0 native plugins for Editor in 0.00 ms.
Invoked RoslynAnalysisRunner static constructor.
RoslynAnalysisRunner will not be running.
RoslynAnalysisRunner has terminated.
Mono: successfully reloaded assembly
- Completed reload, in  1.937 seconds
Platform modules already initialized, skipping
Refreshing native plugins compatible for Editor in 0.34 ms, found 0 plugins.
Preloading 0 native plugins for Editor in 0.00 ms.
Unloading 1098 Unused Serialized files (Serialized files now loaded: 0)
System memory in use before: 62.3 MB.
System memory in use after: 62.3 MB.

Unloading 5 unused Assets to reduce memory usage. Loaded Objects now: 1609.
Total: 2.607200 ms (FindLiveObjects: 0.240300 ms CreateObjectMapping: 0.114200 ms MarkObjects: 2.172900 ms  DeleteObjects: 0.076400 ms)

========================================================================
Received Prepare
Registering precompiled user dll's ...
Registered in 0.000794 seconds.
Begin MonoManager ReloadAssembly
Native extension for WindowsStandalone target not found
Refreshing native plugins compatible for Editor in 1.70 ms, found 0 plugins.
Preloading 0 native plugins for Editor in 0.00 ms.
Invoked RoslynAnalysisRunner static constructor.
RoslynAnalysisRunner will not be running.
RoslynAnalysisRunner has terminated.
Mono: successfully reloaded assembly
- Completed reload, in  2.234 seconds
Platform modules already initialized, skipping
Refreshing native plugins compatible for Editor in 0.41 ms, found 0 plugins.
Preloading 0 native plugins for Editor in 0.00 ms.
Unloading 1098 Unused Serialized files (Serialized files now loaded: 0)
System memory in use before: 62.5 MB.
System memory in use after: 62.6 MB.

Unloading 5 unused Assets to reduce memory usage. Loaded Objects now: 1611.
Total: 4.576000 ms (FindLiveObjects: 0.202200 ms CreateObjectMapping: 0.107300 ms MarkObjects: 4.195000 ms  DeleteObjects: 0.069200 ms)

========================================================================
Received Prepare
Registering precompiled user dll's ...
Registered in 0.001934 seconds.
Begin MonoManager ReloadAssembly
Native extension for WindowsStandalone target not found
Refreshing native plugins compatible for Editor in 0.63 ms, found 0 plugins.
Preloading 0 native plugins for Editor in 0.00 ms.
Invoked RoslynAnalysisRunner static constructor.
RoslynAnalysisRunner will not be running.
RoslynAnalysisRunner has terminated.
Mono: successfully reloaded assembly
- Completed reload, in  7.514 seconds
Platform modules already initialized, skipping
Refreshing native plugins compatible for Editor in 0.33 ms, found 0 plugins.
Preloading 0 native plugins for Editor in 0.00 ms.
Unloading 1098 Unused Serialized files (Serialized files now loaded: 0)
System memory in use before: 62.7 MB.
System memory in use after: 62.8 MB.

Unloading 5 unused Assets to reduce memory usage. Loaded Objects now: 1613.
Total: 10.543600 ms (FindLiveObjects: 0.383300 ms CreateObjectMapping: 0.118600 ms MarkObjects: 9.966200 ms  DeleteObjects: 0.072200 ms)

========================================================================
Received Prepare
Registering precompiled user dll's ...
Registered in 0.001360 seconds.
Begin MonoManager ReloadAssembly
Native extension for WindowsStandalone target not found
Refreshing native plugins compatible for Editor in 0.37 ms, found 0 plugins.
Preloading 0 native plugins for Editor in 0.00 ms.
Invoked RoslynAnalysisRunner static constructor.
RoslynAnalysisRunner will not be running.
RoslynAnalysisRunner has terminated.
Mono: successfully reloaded assembly
- Completed reload, in  2.545 seconds
Platform modules already initialized, skipping
Refreshing native plugins compatible for Editor in 0.28 ms, found 0 plugins.
Preloading 0 native plugins for Editor in 0.00 ms.
Unloading 1098 Unused Serialized files (Serialized files now loaded: 0)
System memory in use before: 62.9 MB.
System memory in use after: 63.0 MB.

Unloading 5 unused Assets to reduce memory usage. Loaded Objects now: 1615.
Total: 3.630200 ms (FindLiveObjects: 0.564400 ms CreateObjectMapping: 0.089900 ms MarkObjects: 2.898500 ms  DeleteObjects: 0.075300 ms)

========================================================================
Received Prepare
Registering precompiled user dll's ...
Registered in 0.000751 seconds.
Begin MonoManager ReloadAssembly
Native extension for WindowsStandalone target not found
Refreshing native plugins compatible for Editor in 4.11 ms, found 0 plugins.
Preloading 0 native plugins for Editor in 0.00 ms.
Invoked RoslynAnalysisRunner static constructor.
RoslynAnalysisRunner will not be running.
RoslynAnalysisRunner has terminated.
Mono: successfully reloaded assembly
- Completed reload, in  1.893 seconds
Platform modules already initialized, skipping
Refreshing native plugins compatible for Editor in 0.27 ms, found 0 plugins.
Preloading 0 native plugins for Editor in 0.00 ms.
Unloading 1098 Unused Serialized files (Serialized files now loaded: 0)
System memory in use before: 62.2 MB.
System memory in use after: 62.2 MB.

Unloading 5 unused Assets to reduce memory usage. Loaded Objects now: 1617.
Total: 2.411200 ms (FindLiveObjects: 0.198300 ms CreateObjectMapping: 0.106600 ms MarkObjects: 2.039200 ms  DeleteObjects: 0.064600 ms)

========================================================================
Received Prepare
Registering precompiled user dll's ...
Registered in 0.000815 seconds.
Begin MonoManager ReloadAssembly
Native extension for WindowsStandalone target not found
Refreshing native plugins compatible for Editor in 0.31 ms, found 0 plugins.
Preloading 0 native plugins for Editor in 0.00 ms.
Invoked RoslynAnalysisRunner static constructor.
RoslynAnalysisRunner will not be running.
RoslynAnalysisRunner has terminated.
Mono: successfully reloaded assembly
- Completed reload, in  1.991 seconds
Platform modules already initialized, skipping
Refreshing native plugins compatible for Editor in 0.28 ms, found 0 plugins.
Preloading 0 native plugins for Editor in 0.00 ms.
Unloading 1098 Unused Serialized files (Serialized files now loaded: 0)
System memory in use before: 62.4 MB.
System memory in use after: 62.5 MB.

Unloading 5 unused Assets to reduce memory usage. Loaded Objects now: 1619.
Total: 2.314800 ms (FindLiveObjects: 0.226200 ms CreateObjectMapping: 0.126900 ms MarkObjects: 1.898800 ms  DeleteObjects: 0.061000 ms)

========================================================================
Received Prepare
Registering precompiled user dll's ...
Registered in 0.000920 seconds.
Begin MonoManager ReloadAssembly
Native extension for WindowsStandalone target not found
Refreshing native plugins compatible for Editor in 0.27 ms, found 0 plugins.
Preloading 0 native plugins for Editor in 0.00 ms.
Invoked RoslynAnalysisRunner static constructor.
RoslynAnalysisRunner will not be running.
RoslynAnalysisRunner has terminated.
Mono: successfully reloaded assembly
- Completed reload, in  1.616 seconds
Platform modules already initialized, skipping
Refreshing native plugins compatible for Editor in 0.29 ms, found 0 plugins.
Preloading 0 native plugins for Editor in 0.00 ms.
Unloading 1098 Unused Serialized files (Serialized files now loaded: 0)
System memory in use before: 62.6 MB.
System memory in use after: 62.7 MB.

Unloading 5 unused Assets to reduce memory usage. Loaded Objects now: 1621.
Total: 2.418900 ms (FindLiveObjects: 0.318600 ms CreateObjectMapping: 0.109000 ms MarkObjects: 1.877700 ms  DeleteObjects: 0.111800 ms)

========================================================================
Received Prepare
Registering precompiled user dll's ...
Registered in 0.000758 seconds.
Begin MonoManager ReloadAssembly
Native extension for WindowsStandalone target not found
Refreshing native plugins compatible for Editor in 3.91 ms, found 0 plugins.
Preloading 0 native plugins for Editor in 0.00 ms.
Invoked RoslynAnalysisRunner static constructor.
RoslynAnalysisRunner will not be running.
RoslynAnalysisRunner has terminated.
Mono: successfully reloaded assembly
- Completed reload, in  1.808 seconds
Platform modules already initialized, skipping
Refreshing native plugins compatible for Editor in 0.30 ms, found 0 plugins.
Preloading 0 native plugins for Editor in 0.00 ms.
Unloading 1098 Unused Serialized files (Serialized files now loaded: 0)
System memory in use before: 62.9 MB.
System memory in use after: 62.9 MB.

Unloading 5 unused Assets to reduce memory usage. Loaded Objects now: 1623.
Total: 2.752000 ms (FindLiveObjects: 0.210700 ms CreateObjectMapping: 0.118200 ms MarkObjects: 2.356700 ms  DeleteObjects: 0.064600 ms)

========================================================================
Received Prepare
Registering precompiled user dll's ...
Registered in 0.001148 seconds.
Begin MonoManager ReloadAssembly
Native extension for WindowsStandalone target not found
Refreshing native plugins compatible for Editor in 0.32 ms, found 0 plugins.
Preloading 0 native plugins for Editor in 0.00 ms.
Invoked RoslynAnalysisRunner static constructor.
RoslynAnalysisRunner will not be running.
RoslynAnalysisRunner has terminated.
Mono: successfully reloaded assembly
- Completed reload, in  2.142 seconds
Platform modules already initialized, skipping
Refreshing native plugins compatible for Editor in 0.28 ms, found 0 plugins.
Preloading 0 native plugins for Editor in 0.00 ms.
Unloading 1098 Unused Serialized files (Serialized files now loaded: 0)
System memory in use before: 62.9 MB.
System memory in use after: 63.0 MB.

Unloading 5 unused Assets to reduce memory usage. Loaded Objects now: 1625.
Total: 2.380100 ms (FindLiveObjects: 0.203900 ms CreateObjectMapping: 0.102000 ms MarkObjects: 1.982400 ms  DeleteObjects: 0.089900 ms)

